<?xml version="1.0" encoding="utf-8" standalone="yes"?>
<coverage line-rate="0.42769857433808556" branch-rate="0.37722772277227723" complexity="1916" version="1.9" timestamp="1729679487" lines-covered="1470" lines-valid="3437" branches-covered="381" branches-valid="1010">
  <packages>
    <package line-rate="0.89090909090909087" branch-rate="1" complexity="20" name="Testcontainers.RabbitMq">
      <classes>
        <class line-rate="1" branch-rate="1" complexity="11" name="Testcontainers.RabbitMq.RabbitMqBuilder" filename="/_/src/Testcontainers.RabbitMq/RabbitMqBuilder.cs">
          <methods>
            <method line-rate="1" branch-rate="1" complexity="1" name=".ctor" signature="()">
              <lines>
                <line number="19" hits="1" branch="False" />
                <line number="21" hits="1" branch="False" />
                <line number="22" hits="1" branch="False" />
              </lines>
            </method>
            <method line-rate="1" branch-rate="1" complexity="1" name=".ctor" signature="(Testcontainers.RabbitMq.RabbitMqConfiguration)">
              <lines>
                <line number="29" hits="1" branch="False" />
                <line number="31" hits="1" branch="False" />
                <line number="32" hits="1" branch="False" />
              </lines>
            </method>
            <method line-rate="1" branch-rate="1" complexity="1" name="get_DockerResourceConfiguration" signature="()">
              <lines>
                <line number="35" hits="1" branch="False" />
              </lines>
            </method>
            <method line-rate="1" branch-rate="1" complexity="1" name="WithUsername" signature="(string)">
              <lines>
                <line number="44" hits="1" branch="False" />
                <line number="45" hits="1" branch="False" />
              </lines>
            </method>
            <method line-rate="1" branch-rate="1" complexity="1" name="WithPassword" signature="(string)">
              <lines>
                <line number="55" hits="1" branch="False" />
                <line number="56" hits="1" branch="False" />
              </lines>
            </method>
            <method line-rate="1" branch-rate="1" complexity="1" name="Build" signature="()">
              <lines>
                <line number="62" hits="1" branch="False" />
                <line number="63" hits="1" branch="False" />
              </lines>
            </method>
            <method line-rate="1" branch-rate="1" complexity="1" name="Init" signature="()">
              <lines>
                <line number="69" hits="1" branch="False" />
                <line number="70" hits="1" branch="False" />
                <line number="71" hits="1" branch="False" />
                <line number="72" hits="1" branch="False" />
                <line number="73" hits="1" branch="False" />
                <line number="74" hits="1" branch="False" />
              </lines>
            </method>
            <method line-rate="1" branch-rate="1" complexity="1" name="Validate" signature="()">
              <lines>
                <line number="80" hits="1" branch="False" />
                <line number="82" hits="1" branch="False" />
                <line number="83" hits="1" branch="False" />
                <line number="84" hits="1" branch="False" />
                <line number="86" hits="1" branch="False" />
                <line number="87" hits="1" branch="False" />
                <line number="88" hits="1" branch="False" />
                <line number="89" hits="1" branch="False" />
              </lines>
            </method>
            <method line-rate="1" branch-rate="1" complexity="1" name="Clone" signature="(DotNet.Testcontainers.Configurations.IResourceConfiguration&lt;Docker.DotNet.Models.CreateContainerParameters&gt;)">
              <lines>
                <line number="94" hits="1" branch="False" />
              </lines>
            </method>
            <method line-rate="1" branch-rate="1" complexity="1" name="Clone" signature="(DotNet.Testcontainers.Configurations.IContainerConfiguration)">
              <lines>
                <line number="100" hits="1" branch="False" />
              </lines>
            </method>
            <method line-rate="1" branch-rate="1" complexity="1" name="Merge" signature="(Testcontainers.RabbitMq.RabbitMqConfiguration, Testcontainers.RabbitMq.RabbitMqConfiguration)">
              <lines>
                <line number="106" hits="1" branch="False" />
              </lines>
            </method>
          </methods>
          <lines>
            <line number="19" hits="1" branch="False" />
            <line number="21" hits="1" branch="False" />
            <line number="22" hits="1" branch="False" />
            <line number="29" hits="1" branch="False" />
            <line number="31" hits="1" branch="False" />
            <line number="32" hits="1" branch="False" />
            <line number="35" hits="1" branch="False" />
            <line number="44" hits="1" branch="False" />
            <line number="45" hits="1" branch="False" />
            <line number="55" hits="1" branch="False" />
            <line number="56" hits="1" branch="False" />
            <line number="62" hits="1" branch="False" />
            <line number="63" hits="1" branch="False" />
            <line number="69" hits="1" branch="False" />
            <line number="70" hits="1" branch="False" />
            <line number="71" hits="1" branch="False" />
            <line number="72" hits="1" branch="False" />
            <line number="73" hits="1" branch="False" />
            <line number="74" hits="1" branch="False" />
            <line number="80" hits="1" branch="False" />
            <line number="82" hits="1" branch="False" />
            <line number="83" hits="1" branch="False" />
            <line number="84" hits="1" branch="False" />
            <line number="86" hits="1" branch="False" />
            <line number="87" hits="1" branch="False" />
            <line number="88" hits="1" branch="False" />
            <line number="89" hits="1" branch="False" />
            <line number="94" hits="1" branch="False" />
            <line number="100" hits="1" branch="False" />
            <line number="106" hits="1" branch="False" />
          </lines>
        </class>
        <class line-rate="0.88888888888888884" branch-rate="1" complexity="7" name="Testcontainers.RabbitMq.RabbitMqConfiguration" filename="/_/src/Testcontainers.RabbitMq/RabbitMqConfiguration.cs">
          <methods>
            <method line-rate="1" branch-rate="1" complexity="1" name=".ctor" signature="(string, string)">
              <lines>
                <line number="12" hits="1" branch="False" />
                <line number="13" hits="1" branch="False" />
                <line number="14" hits="1" branch="False" />
                <line number="16" hits="1" branch="False" />
                <line number="17" hits="1" branch="False" />
                <line number="18" hits="1" branch="False" />
              </lines>
            </method>
            <method line-rate="1" branch-rate="1" complexity="1" name=".ctor" signature="(DotNet.Testcontainers.Configurations.IResourceConfiguration&lt;Docker.DotNet.Models.CreateContainerParameters&gt;)">
              <lines>
                <line number="25" hits="1" branch="False" />
                <line number="28" hits="1" branch="False" />
              </lines>
            </method>
            <method line-rate="1" branch-rate="1" complexity="1" name=".ctor" signature="(DotNet.Testcontainers.Configurations.IContainerConfiguration)">
              <lines>
                <line number="35" hits="1" branch="False" />
                <line number="38" hits="1" branch="False" />
              </lines>
            </method>
            <method line-rate="0" branch-rate="1" complexity="1" name=".ctor" signature="(Testcontainers.RabbitMq.RabbitMqConfiguration)">
              <lines>
                <line number="45" hits="0" branch="False" />
                <line number="48" hits="0" branch="False" />
              </lines>
            </method>
            <method line-rate="1" branch-rate="1" complexity="1" name=".ctor" signature="(Testcontainers.RabbitMq.RabbitMqConfiguration, Testcontainers.RabbitMq.RabbitMqConfiguration)">
              <lines>
                <line number="56" hits="1" branch="False" />
                <line number="58" hits="1" branch="False" />
                <line number="59" hits="1" branch="False" />
                <line number="60" hits="1" branch="False" />
              </lines>
            </method>
            <method line-rate="1" branch-rate="1" complexity="1" name="get_Username" signature="()">
              <lines>
                <line number="65" hits="1" branch="False" />
              </lines>
            </method>
            <method line-rate="1" branch-rate="1" complexity="1" name="get_Password" signature="()">
              <lines>
                <line number="70" hits="1" branch="False" />
              </lines>
            </method>
          </methods>
          <lines>
            <line number="12" hits="1" branch="False" />
            <line number="13" hits="1" branch="False" />
            <line number="14" hits="1" branch="False" />
            <line number="16" hits="1" branch="False" />
            <line number="17" hits="1" branch="False" />
            <line number="18" hits="1" branch="False" />
            <line number="25" hits="1" branch="False" />
            <line number="28" hits="1" branch="False" />
            <line number="35" hits="1" branch="False" />
            <line number="38" hits="1" branch="False" />
            <line number="45" hits="0" branch="False" />
            <line number="48" hits="0" branch="False" />
            <line number="56" hits="1" branch="False" />
            <line number="58" hits="1" branch="False" />
            <line number="59" hits="1" branch="False" />
            <line number="60" hits="1" branch="False" />
            <line number="65" hits="1" branch="False" />
            <line number="70" hits="1" branch="False" />
          </lines>
        </class>
        <class line-rate="0.42857142857142855" branch-rate="1" complexity="2" name="Testcontainers.RabbitMq.RabbitMqContainer" filename="/_/src/Testcontainers.RabbitMq/RabbitMqContainer.cs">
          <methods>
            <method line-rate="1" branch-rate="1" complexity="1" name=".ctor" signature="(Testcontainers.RabbitMq.RabbitMqConfiguration)">
              <lines>
                <line number="14" hits="1" branch="False" />
                <line number="16" hits="1" branch="False" />
                <line number="17" hits="1" branch="False" />
              </lines>
            </method>
            <method line-rate="0" branch-rate="1" complexity="1" name="GetConnectionString" signature="()">
              <lines>
                <line number="25" hits="0" branch="False" />
                <line number="26" hits="0" branch="False" />
                <line number="27" hits="0" branch="False" />
                <line number="28" hits="0" branch="False" />
              </lines>
            </method>
          </methods>
          <lines>
            <line number="14" hits="1" branch="False" />
            <line number="16" hits="1" branch="False" />
            <line number="17" hits="1" branch="False" />
            <line number="25" hits="0" branch="False" />
            <line number="26" hits="0" branch="False" />
            <line number="27" hits="0" branch="False" />
            <line number="28" hits="0" branch="False" />
          </lines>
        </class>
      </classes>
    </package>
    <package line-rate="0.40918097754293264" branch-rate="0.37336244541484714" complexity="1765" name="Testcontainers">
      <classes>
        <class line-rate="1" branch-rate="1" complexity="1" name="DotNet.Testcontainers.Guard" filename="/_/src/Testcontainers/Guard.Argument.cs">
          <methods>
            <method line-rate="1" branch-rate="1" complexity="1" name="Argument" signature="&lt;TType&gt;(TType, string)">
              <lines>
                <line number="22" hits="1" branch="False" />
              </lines>
            </method>
          </methods>
          <lines>
            <line number="22" hits="1" branch="False" />
          </lines>
        </class>
        <class line-rate="0.42857142857142855" branch-rate="0.2" complexity="10" name="DotNet.Testcontainers.Guard" filename="/_/src/Testcontainers/Guard.Null.cs">
          <methods>
            <method line-rate="0" branch-rate="0" complexity="4" name="Null" signature="&lt;TType&gt;(ref DotNet.Testcontainers.Guard.ArgumentInfo&lt;TType&gt;, string)">
              <lines>
                <line number="22" hits="0" branch="True" condition-coverage="0% (0/2)">
                  <conditions>
                    <condition number="0" type="jump" coverage="0%" />
                  </conditions>
                </line>
                <line number="24" hits="0" branch="False" />
                <line number="28" hits="0" branch="True" condition-coverage="0% (0/2)">
                  <conditions>
                    <condition number="0" type="jump" coverage="0%" />
                  </conditions>
                </line>
              </lines>
            </method>
            <method line-rate="0.66666666666666663" branch-rate="0.25" complexity="4" name="NotNull" signature="&lt;TType&gt;(ref DotNet.Testcontainers.Guard.ArgumentInfo&lt;TType&gt;, string)">
              <lines>
                <line number="42" hits="1" branch="True" condition-coverage="50% (1/2)">
                  <conditions>
                    <condition number="0" type="jump" coverage="50%" />
                  </conditions>
                </line>
                <line number="44" hits="1" branch="False" />
                <line number="48" hits="0" branch="True" condition-coverage="0% (0/2)">
                  <conditions>
                    <condition number="0" type="jump" coverage="0%" />
                  </conditions>
                </line>
              </lines>
            </method>
            <method line-rate="1" branch-rate="0.5" complexity="2" name="ThrowIf" signature="&lt;TType&gt;(ref DotNet.Testcontainers.Guard.ArgumentInfo&lt;TType&gt;, System.Func&lt;DotNet.Testcontainers.Guard.ArgumentInfo&lt;TType&gt;, bool&gt;, System.Func&lt;DotNet.Testcontainers.Guard.ArgumentInfo&lt;TType&gt;, System.Exception&gt;)">
              <lines>
                <line number="62" hits="1" branch="True" condition-coverage="50% (1/2)">
                  <conditions>
                    <condition number="0" type="jump" coverage="50%" />
                  </conditions>
                </line>
              </lines>
            </method>
          </methods>
          <lines>
            <line number="22" hits="0" branch="True" condition-coverage="0% (0/2)">
              <conditions>
                <condition number="0" type="jump" coverage="0%" />
              </conditions>
            </line>
            <line number="24" hits="0" branch="False" />
            <line number="28" hits="0" branch="True" condition-coverage="0% (0/2)">
              <conditions>
                <condition number="0" type="jump" coverage="0%" />
              </conditions>
            </line>
            <line number="42" hits="1" branch="True" condition-coverage="50% (1/2)">
              <conditions>
                <condition number="0" type="jump" coverage="50%" />
              </conditions>
            </line>
            <line number="44" hits="1" branch="False" />
            <line number="48" hits="0" branch="True" condition-coverage="0% (0/2)">
              <conditions>
                <condition number="0" type="jump" coverage="0%" />
              </conditions>
            </line>
            <line number="62" hits="1" branch="True" condition-coverage="50% (1/2)">
              <conditions>
                <condition number="0" type="jump" coverage="50%" />
              </conditions>
            </line>
          </lines>
        </class>
        <class line-rate="0.44444444444444442" branch-rate="0.2857142857142857" complexity="14" name="DotNet.Testcontainers.Guard" filename="/_/src/Testcontainers/Guard.String.cs">
          <methods>
            <method line-rate="0" branch-rate="0" complexity="4" name="Empty" signature="(ref DotNet.Testcontainers.Guard.ArgumentInfo&lt;string&gt;, string)">
              <lines>
                <line number="21" hits="0" branch="True" condition-coverage="0% (0/2)">
                  <conditions>
                    <condition number="0" type="jump" coverage="0%" />
                  </conditions>
                </line>
                <line number="23" hits="0" branch="False" />
                <line number="27" hits="0" branch="True" condition-coverage="0% (0/2)">
                  <conditions>
                    <condition number="0" type="jump" coverage="0%" />
                  </conditions>
                </line>
              </lines>
            </method>
            <method line-rate="0.66666666666666663" branch-rate="0.25" complexity="4" name="NotEmpty" signature="(ref DotNet.Testcontainers.Guard.ArgumentInfo&lt;string&gt;, string)">
              <lines>
                <line number="39" hits="1" branch="True" condition-coverage="50% (1/2)">
                  <conditions>
                    <condition number="0" type="jump" coverage="50%" />
                  </conditions>
                </line>
                <line number="41" hits="1" branch="False" />
                <line number="45" hits="0" branch="True" condition-coverage="0% (0/2)">
                  <conditions>
                    <condition number="0" type="jump" coverage="0%" />
                  </conditions>
                </line>
              </lines>
            </method>
            <method line-rate="0.66666666666666663" branch-rate="0.5" complexity="6" name="NotUppercase" signature="(ref DotNet.Testcontainers.Guard.ArgumentInfo&lt;string&gt;, string)">
              <lines>
                <line number="57" hits="1" branch="True" condition-coverage="75% (3/4)">
                  <conditions>
                    <condition number="0" type="jump" coverage="100%" />
                    <condition number="1" type="jump" coverage="50%" />
                  </conditions>
                </line>
                <line number="59" hits="1" branch="False" />
                <line number="63" hits="0" branch="True" condition-coverage="0% (0/2)">
                  <conditions>
                    <condition number="0" type="jump" coverage="0%" />
                  </conditions>
                </line>
              </lines>
            </method>
          </methods>
          <lines>
            <line number="21" hits="0" branch="True" condition-coverage="0% (0/2)">
              <conditions>
                <condition number="0" type="jump" coverage="0%" />
              </conditions>
            </line>
            <line number="23" hits="0" branch="False" />
            <line number="27" hits="0" branch="True" condition-coverage="0% (0/2)">
              <conditions>
                <condition number="0" type="jump" coverage="0%" />
              </conditions>
            </line>
            <line number="39" hits="1" branch="True" condition-coverage="50% (1/2)">
              <conditions>
                <condition number="0" type="jump" coverage="50%" />
              </conditions>
            </line>
            <line number="41" hits="1" branch="False" />
            <line number="45" hits="0" branch="True" condition-coverage="0% (0/2)">
              <conditions>
                <condition number="0" type="jump" coverage="0%" />
              </conditions>
            </line>
            <line number="57" hits="1" branch="True" condition-coverage="75% (3/4)">
              <conditions>
                <condition number="0" type="jump" coverage="100%" />
                <condition number="1" type="jump" coverage="50%" />
              </conditions>
            </line>
            <line number="59" hits="1" branch="False" />
            <line number="63" hits="0" branch="True" condition-coverage="0% (0/2)">
              <conditions>
                <condition number="0" type="jump" coverage="0%" />
              </conditions>
            </line>
          </lines>
        </class>
        <class line-rate="0.66666666666666663" branch-rate="0.5" complexity="16" name="DotNet.Testcontainers.ConsoleLogger" filename="/_/src/Testcontainers/Logger.cs">
          <methods>
            <method line-rate="1" branch-rate="1" complexity="1" name=".cctor" signature="()">
              <lines>
                <line number="66" hits="1" branch="False" />
                <line number="80" hits="1" branch="False" />
              </lines>
            </method>
            <method line-rate="0.83333333333333337" branch-rate="0.5" complexity="6" name=".ctor" signature="()">
              <lines>
                <line number="60" hits="1" branch="False" />
                <line number="62" hits="1" branch="False" />
                <line number="68" hits="1" branch="False" />
                <line number="70" hits="1" branch="True" condition-coverage="50% (3/6)">
                  <conditions>
                    <condition number="0" type="jump" coverage="100%" />
                    <condition number="1" type="jump" coverage="50%" />
                    <condition number="2" type="jump" coverage="0%" />
                  </conditions>
                </line>
                <line number="72" hits="0" branch="False" />
                <line number="74" hits="1" branch="False" />
              </lines>
            </method>
            <method line-rate="1" branch-rate="1" complexity="1" name="get_Instance" signature="()">
              <lines>
                <line number="79" hits="1" branch="False" />
              </lines>
            </method>
            <method line-rate="0" branch-rate="1" complexity="1" name="get_DebugLogLevelEnabled" signature="()">
              <lines>
                <line number="89" hits="0" branch="False" />
              </lines>
            </method>
            <method line-rate="0" branch-rate="0" complexity="2" name="set_DebugLogLevelEnabled" signature="(bool)">
              <lines>
                <line number="94" hits="0" branch="True" condition-coverage="0% (0/2)">
                  <conditions>
                    <condition number="0" type="jump" coverage="0%" />
                  </conditions>
                </line>
                <line number="95" hits="0" branch="False" />
              </lines>
            </method>
            <method line-rate="0" branch-rate="1" complexity="1" name="Dispose" signature="()">
              <lines>
                <line number="102" hits="0" branch="False" />
              </lines>
            </method>
            <method line-rate="1" branch-rate="1" complexity="2" name="Log" signature="&lt;TState&gt;(Microsoft.Extensions.Logging.LogLevel, Microsoft.Extensions.Logging.EventId, TState, System.Exception, System.Func&lt;TState, System.Exception, string&gt;)">
              <lines>
                <line number="107" hits="1" branch="True" condition-coverage="100% (2/2)">
                  <conditions>
                    <condition number="0" type="jump" coverage="100%" />
                  </conditions>
                </line>
                <line number="109" hits="1" branch="False" />
                <line number="111" hits="1" branch="False" />
              </lines>
            </method>
            <method line-rate="1" branch-rate="1" complexity="1" name="IsEnabled" signature="(Microsoft.Extensions.Logging.LogLevel)">
              <lines>
                <line number="116" hits="1" branch="False" />
              </lines>
            </method>
            <method line-rate="0" branch-rate="1" complexity="1" name="BeginScope" signature="&lt;TState&gt;(TState)">
              <lines>
                <line number="122" hits="0" branch="False" />
              </lines>
            </method>
          </methods>
          <lines>
            <line number="60" hits="1" branch="False" />
            <line number="62" hits="1" branch="False" />
            <line number="66" hits="1" branch="False" />
            <line number="68" hits="1" branch="False" />
            <line number="70" hits="1" branch="True" condition-coverage="50% (3/6)">
              <conditions>
                <condition number="0" type="jump" coverage="100%" />
                <condition number="1" type="jump" coverage="50%" />
                <condition number="2" type="jump" coverage="0%" />
              </conditions>
            </line>
            <line number="72" hits="0" branch="False" />
            <line number="74" hits="1" branch="False" />
            <line number="79" hits="1" branch="False" />
            <line number="80" hits="1" branch="False" />
            <line number="89" hits="0" branch="False" />
            <line number="94" hits="0" branch="True" condition-coverage="0% (0/2)">
              <conditions>
                <condition number="0" type="jump" coverage="0%" />
              </conditions>
            </line>
            <line number="95" hits="0" branch="False" />
            <line number="102" hits="0" branch="False" />
            <line number="107" hits="1" branch="True" condition-coverage="100% (2/2)">
              <conditions>
                <condition number="0" type="jump" coverage="100%" />
              </conditions>
            </line>
            <line number="109" hits="1" branch="False" />
            <line number="111" hits="1" branch="False" />
            <line number="116" hits="1" branch="False" />
            <line number="122" hits="0" branch="False" />
          </lines>
        </class>
        <class line-rate="0.57037037037037042" branch-rate="0" complexity="36" name="DotNet.Testcontainers.Logging" filename="/_/src/Testcontainers/Logging.cs">
          <methods>
            <method line-rate="0" branch-rate="1" complexity="1" name="IgnorePatternAdded" signature="(Microsoft.Extensions.Logging.ILogger, System.Text.RegularExpressions.Regex)">
              <lines>
                <line number="117" hits="0" branch="False" />
                <line number="118" hits="0" branch="False" />
              </lines>
            </method>
            <method line-rate="1" branch-rate="1" complexity="1" name="DockerContainerCreated" signature="(Microsoft.Extensions.Logging.ILogger, string)">
              <lines>
                <line number="122" hits="1" branch="False" />
                <line number="123" hits="1" branch="False" />
              </lines>
            </method>
            <method line-rate="1" branch-rate="1" complexity="1" name="StartDockerContainer" signature="(Microsoft.Extensions.Logging.ILogger, string)">
              <lines>
                <line number="127" hits="1" branch="False" />
                <line number="128" hits="1" branch="False" />
              </lines>
            </method>
            <method line-rate="1" branch-rate="1" complexity="1" name="StopDockerContainer" signature="(Microsoft.Extensions.Logging.ILogger, string)">
              <lines>
                <line number="132" hits="1" branch="False" />
                <line number="133" hits="1" branch="False" />
              </lines>
            </method>
            <method line-rate="0" branch-rate="1" complexity="1" name="DeleteDockerContainer" signature="(Microsoft.Extensions.Logging.ILogger, string)">
              <lines>
                <line number="137" hits="0" branch="False" />
                <line number="138" hits="0" branch="False" />
              </lines>
            </method>
            <method line-rate="1" branch-rate="1" complexity="1" name="StartReadinessCheck" signature="(Microsoft.Extensions.Logging.ILogger, string)">
              <lines>
                <line number="142" hits="1" branch="False" />
                <line number="143" hits="1" branch="False" />
              </lines>
            </method>
            <method line-rate="1" branch-rate="1" complexity="1" name="CompleteReadinessCheck" signature="(Microsoft.Extensions.Logging.ILogger, string)">
              <lines>
                <line number="147" hits="1" branch="False" />
                <line number="148" hits="1" branch="False" />
              </lines>
            </method>
            <method line-rate="0" branch-rate="1" complexity="1" name="CopyArchiveToDockerContainer" signature="(Microsoft.Extensions.Logging.ILogger, string, long)">
              <lines>
                <line number="152" hits="0" branch="False" />
                <line number="153" hits="0" branch="False" />
              </lines>
            </method>
            <method line-rate="0" branch-rate="1" complexity="1" name="ReadArchiveFromDockerContainer" signature="(Microsoft.Extensions.Logging.ILogger, string, string)">
              <lines>
                <line number="157" hits="0" branch="False" />
                <line number="158" hits="0" branch="False" />
              </lines>
            </method>
            <method line-rate="0" branch-rate="1" complexity="1" name="AttachToDockerContainer" signature="(Microsoft.Extensions.Logging.ILogger, string, System.Type)">
              <lines>
                <line number="162" hits="0" branch="False" />
                <line number="163" hits="0" branch="False" />
              </lines>
            </method>
            <method line-rate="0" branch-rate="1" complexity="1" name="ConnectToDockerNetwork" signature="(Microsoft.Extensions.Logging.ILogger, string, string)">
              <lines>
                <line number="167" hits="0" branch="False" />
                <line number="168" hits="0" branch="False" />
              </lines>
            </method>
            <method line-rate="0" branch-rate="1" complexity="1" name="ExecuteCommandInDockerContainer" signature="(Microsoft.Extensions.Logging.ILogger, string, System.Collections.Generic.IEnumerable&lt;string&gt;)">
              <lines>
                <line number="172" hits="0" branch="False" />
                <line number="173" hits="0" branch="False" />
              </lines>
            </method>
            <method line-rate="0" branch-rate="1" complexity="1" name="DockerImageCreated" signature="(Microsoft.Extensions.Logging.ILogger, DotNet.Testcontainers.Images.IImage)">
              <lines>
                <line number="177" hits="0" branch="False" />
                <line number="178" hits="0" branch="False" />
              </lines>
            </method>
            <method line-rate="0" branch-rate="1" complexity="1" name="DockerImageBuilt" signature="(Microsoft.Extensions.Logging.ILogger, DotNet.Testcontainers.Images.IImage)">
              <lines>
                <line number="182" hits="0" branch="False" />
                <line number="183" hits="0" branch="False" />
              </lines>
            </method>
            <method line-rate="0" branch-rate="1" complexity="1" name="DeleteDockerImage" signature="(Microsoft.Extensions.Logging.ILogger, DotNet.Testcontainers.Images.IImage)">
              <lines>
                <line number="187" hits="0" branch="False" />
                <line number="188" hits="0" branch="False" />
              </lines>
            </method>
            <method line-rate="0" branch-rate="1" complexity="1" name="DockerNetworkCreated" signature="(Microsoft.Extensions.Logging.ILogger, string)">
              <lines>
                <line number="192" hits="0" branch="False" />
                <line number="193" hits="0" branch="False" />
              </lines>
            </method>
            <method line-rate="0" branch-rate="1" complexity="1" name="DeleteDockerNetwork" signature="(Microsoft.Extensions.Logging.ILogger, string)">
              <lines>
                <line number="197" hits="0" branch="False" />
                <line number="198" hits="0" branch="False" />
              </lines>
            </method>
            <method line-rate="0" branch-rate="1" complexity="1" name="DockerVolumeCreated" signature="(Microsoft.Extensions.Logging.ILogger, string)">
              <lines>
                <line number="202" hits="0" branch="False" />
                <line number="203" hits="0" branch="False" />
              </lines>
            </method>
            <method line-rate="0" branch-rate="1" complexity="1" name="DeleteDockerVolume" signature="(Microsoft.Extensions.Logging.ILogger, string)">
              <lines>
                <line number="207" hits="0" branch="False" />
                <line number="208" hits="0" branch="False" />
              </lines>
            </method>
            <method line-rate="0" branch-rate="0" complexity="2" name="CanNotGetResourceReaperEndpoint" signature="(Microsoft.Extensions.Logging.ILogger, System.Guid, System.Exception)">
              <lines>
                <line number="212" hits="0" branch="True" condition-coverage="0% (0/2)">
                  <conditions>
                    <condition number="0" type="jump" coverage="0%" />
                  </conditions>
                </line>
                <line number="213" hits="0" branch="False" />
              </lines>
            </method>
            <method line-rate="0" branch-rate="1" complexity="1" name="CanNotConnectToResourceReaper" signature="(Microsoft.Extensions.Logging.ILogger, System.Guid, string, ushort, System.Exception)">
              <lines>
                <line number="217" hits="0" branch="False" />
                <line number="218" hits="0" branch="False" />
                <line number="219" hits="0" branch="False" />
              </lines>
            </method>
            <method line-rate="0" branch-rate="1" complexity="1" name="LostConnectionToResourceReaper" signature="(Microsoft.Extensions.Logging.ILogger, System.Guid, string, ushort, System.Exception)">
              <lines>
                <line number="223" hits="0" branch="False" />
                <line number="224" hits="0" branch="False" />
                <line number="225" hits="0" branch="False" />
              </lines>
            </method>
            <method line-rate="0" branch-rate="1" complexity="1" name="DockerConfigFileNotFound" signature="(Microsoft.Extensions.Logging.ILogger, string)">
              <lines>
                <line number="229" hits="0" branch="False" />
                <line number="230" hits="0" branch="False" />
              </lines>
            </method>
            <method line-rate="0" branch-rate="1" complexity="1" name="SearchingDockerRegistryCredential" signature="(Microsoft.Extensions.Logging.ILogger, string)">
              <lines>
                <line number="234" hits="0" branch="False" />
                <line number="235" hits="0" branch="False" />
              </lines>
            </method>
            <method line-rate="0" branch-rate="1" complexity="1" name="DockerRegistryAuthPropertyValueKindInvalid" signature="(Microsoft.Extensions.Logging.ILogger, string, System.Text.Json.JsonValueKind)">
              <lines>
                <line number="239" hits="0" branch="False" />
                <line number="240" hits="0" branch="False" />
              </lines>
            </method>
            <method line-rate="0" branch-rate="1" complexity="1" name="DockerRegistryAuthPropertyValueNotFound" signature="(Microsoft.Extensions.Logging.ILogger, string)">
              <lines>
                <line number="244" hits="0" branch="False" />
                <line number="245" hits="0" branch="False" />
              </lines>
            </method>
            <method line-rate="0" branch-rate="1" complexity="1" name="DockerRegistryAuthPropertyValueInvalidBase64" signature="(Microsoft.Extensions.Logging.ILogger, string, System.Exception)">
              <lines>
                <line number="249" hits="0" branch="False" />
                <line number="250" hits="0" branch="False" />
              </lines>
            </method>
            <method line-rate="0" branch-rate="1" complexity="1" name="DockerRegistryAuthPropertyValueInvalidBasicAuthenticationFormat" signature="(Microsoft.Extensions.Logging.ILogger, string)">
              <lines>
                <line number="254" hits="0" branch="False" />
                <line number="255" hits="0" branch="False" />
              </lines>
            </method>
            <method line-rate="0" branch-rate="1" complexity="1" name="DockerRegistryCredentialNotFound" signature="(Microsoft.Extensions.Logging.ILogger, string)">
              <lines>
                <line number="259" hits="0" branch="False" />
                <line number="260" hits="0" branch="False" />
              </lines>
            </method>
            <method line-rate="0" branch-rate="1" complexity="1" name="DockerRegistryCredentialFound" signature="(Microsoft.Extensions.Logging.ILogger, string)">
              <lines>
                <line number="264" hits="0" branch="False" />
                <line number="265" hits="0" branch="False" />
              </lines>
            </method>
            <method line-rate="0" branch-rate="1" complexity="1" name="ReusableExperimentalFeature" signature="(Microsoft.Extensions.Logging.ILogger)">
              <lines>
                <line number="269" hits="0" branch="False" />
                <line number="270" hits="0" branch="False" />
              </lines>
            </method>
            <method line-rate="0" branch-rate="1" complexity="1" name="ReusableResourceFound" signature="(Microsoft.Extensions.Logging.ILogger)">
              <lines>
                <line number="274" hits="0" branch="False" />
                <line number="275" hits="0" branch="False" />
              </lines>
            </method>
            <method line-rate="0" branch-rate="1" complexity="1" name="ReusableResourceNotFound" signature="(Microsoft.Extensions.Logging.ILogger)">
              <lines>
                <line number="279" hits="0" branch="False" />
                <line number="280" hits="0" branch="False" />
              </lines>
            </method>
            <method line-rate="1" branch-rate="1" complexity="1" name="TruncId" signature="(string)">
              <lines>
                <line number="284" hits="1" branch="False" />
              </lines>
            </method>
            <method line-rate="1" branch-rate="1" complexity="1" name=".cctor" signature="()">
              <lines>
                <line number="14" hits="1" branch="False" />
                <line number="15" hits="1" branch="False" />
                <line number="17" hits="1" branch="False" />
                <line number="18" hits="1" branch="False" />
                <line number="20" hits="1" branch="False" />
                <line number="21" hits="1" branch="False" />
                <line number="23" hits="1" branch="False" />
                <line number="24" hits="1" branch="False" />
                <line number="26" hits="1" branch="False" />
                <line number="27" hits="1" branch="False" />
                <line number="29" hits="1" branch="False" />
                <line number="30" hits="1" branch="False" />
                <line number="32" hits="1" branch="False" />
                <line number="33" hits="1" branch="False" />
                <line number="35" hits="1" branch="False" />
                <line number="36" hits="1" branch="False" />
                <line number="38" hits="1" branch="False" />
                <line number="39" hits="1" branch="False" />
                <line number="41" hits="1" branch="False" />
                <line number="42" hits="1" branch="False" />
                <line number="44" hits="1" branch="False" />
                <line number="45" hits="1" branch="False" />
                <line number="47" hits="1" branch="False" />
                <line number="48" hits="1" branch="False" />
                <line number="50" hits="1" branch="False" />
                <line number="51" hits="1" branch="False" />
                <line number="53" hits="1" branch="False" />
                <line number="54" hits="1" branch="False" />
                <line number="56" hits="1" branch="False" />
                <line number="57" hits="1" branch="False" />
                <line number="59" hits="1" branch="False" />
                <line number="60" hits="1" branch="False" />
                <line number="62" hits="1" branch="False" />
                <line number="63" hits="1" branch="False" />
                <line number="65" hits="1" branch="False" />
                <line number="66" hits="1" branch="False" />
                <line number="68" hits="1" branch="False" />
                <line number="69" hits="1" branch="False" />
                <line number="71" hits="1" branch="False" />
                <line number="72" hits="1" branch="False" />
                <line number="74" hits="1" branch="False" />
                <line number="75" hits="1" branch="False" />
                <line number="77" hits="1" branch="False" />
                <line number="78" hits="1" branch="False" />
                <line number="80" hits="1" branch="False" />
                <line number="81" hits="1" branch="False" />
                <line number="83" hits="1" branch="False" />
                <line number="84" hits="1" branch="False" />
                <line number="86" hits="1" branch="False" />
                <line number="87" hits="1" branch="False" />
                <line number="89" hits="1" branch="False" />
                <line number="90" hits="1" branch="False" />
                <line number="92" hits="1" branch="False" />
                <line number="93" hits="1" branch="False" />
                <line number="95" hits="1" branch="False" />
                <line number="96" hits="1" branch="False" />
                <line number="98" hits="1" branch="False" />
                <line number="99" hits="1" branch="False" />
                <line number="101" hits="1" branch="False" />
                <line number="102" hits="1" branch="False" />
                <line number="104" hits="1" branch="False" />
                <line number="105" hits="1" branch="False" />
                <line number="107" hits="1" branch="False" />
                <line number="108" hits="1" branch="False" />
                <line number="110" hits="1" branch="False" />
                <line number="111" hits="1" branch="False" />
              </lines>
            </method>
          </methods>
          <lines>
            <line number="14" hits="1" branch="False" />
            <line number="15" hits="1" branch="False" />
            <line number="17" hits="1" branch="False" />
            <line number="18" hits="1" branch="False" />
            <line number="20" hits="1" branch="False" />
            <line number="21" hits="1" branch="False" />
            <line number="23" hits="1" branch="False" />
            <line number="24" hits="1" branch="False" />
            <line number="26" hits="1" branch="False" />
            <line number="27" hits="1" branch="False" />
            <line number="29" hits="1" branch="False" />
            <line number="30" hits="1" branch="False" />
            <line number="32" hits="1" branch="False" />
            <line number="33" hits="1" branch="False" />
            <line number="35" hits="1" branch="False" />
            <line number="36" hits="1" branch="False" />
            <line number="38" hits="1" branch="False" />
            <line number="39" hits="1" branch="False" />
            <line number="41" hits="1" branch="False" />
            <line number="42" hits="1" branch="False" />
            <line number="44" hits="1" branch="False" />
            <line number="45" hits="1" branch="False" />
            <line number="47" hits="1" branch="False" />
            <line number="48" hits="1" branch="False" />
            <line number="50" hits="1" branch="False" />
            <line number="51" hits="1" branch="False" />
            <line number="53" hits="1" branch="False" />
            <line number="54" hits="1" branch="False" />
            <line number="56" hits="1" branch="False" />
            <line number="57" hits="1" branch="False" />
            <line number="59" hits="1" branch="False" />
            <line number="60" hits="1" branch="False" />
            <line number="62" hits="1" branch="False" />
            <line number="63" hits="1" branch="False" />
            <line number="65" hits="1" branch="False" />
            <line number="66" hits="1" branch="False" />
            <line number="68" hits="1" branch="False" />
            <line number="69" hits="1" branch="False" />
            <line number="71" hits="1" branch="False" />
            <line number="72" hits="1" branch="False" />
            <line number="74" hits="1" branch="False" />
            <line number="75" hits="1" branch="False" />
            <line number="77" hits="1" branch="False" />
            <line number="78" hits="1" branch="False" />
            <line number="80" hits="1" branch="False" />
            <line number="81" hits="1" branch="False" />
            <line number="83" hits="1" branch="False" />
            <line number="84" hits="1" branch="False" />
            <line number="86" hits="1" branch="False" />
            <line number="87" hits="1" branch="False" />
            <line number="89" hits="1" branch="False" />
            <line number="90" hits="1" branch="False" />
            <line number="92" hits="1" branch="False" />
            <line number="93" hits="1" branch="False" />
            <line number="95" hits="1" branch="False" />
            <line number="96" hits="1" branch="False" />
            <line number="98" hits="1" branch="False" />
            <line number="99" hits="1" branch="False" />
            <line number="101" hits="1" branch="False" />
            <line number="102" hits="1" branch="False" />
            <line number="104" hits="1" branch="False" />
            <line number="105" hits="1" branch="False" />
            <line number="107" hits="1" branch="False" />
            <line number="108" hits="1" branch="False" />
            <line number="110" hits="1" branch="False" />
            <line number="111" hits="1" branch="False" />
            <line number="117" hits="0" branch="False" />
            <line number="118" hits="0" branch="False" />
            <line number="122" hits="1" branch="False" />
            <line number="123" hits="1" branch="False" />
            <line number="127" hits="1" branch="False" />
            <line number="128" hits="1" branch="False" />
            <line number="132" hits="1" branch="False" />
            <line number="133" hits="1" branch="False" />
            <line number="137" hits="0" branch="False" />
            <line number="138" hits="0" branch="False" />
            <line number="142" hits="1" branch="False" />
            <line number="143" hits="1" branch="False" />
            <line number="147" hits="1" branch="False" />
            <line number="148" hits="1" branch="False" />
            <line number="152" hits="0" branch="False" />
            <line number="153" hits="0" branch="False" />
            <line number="157" hits="0" branch="False" />
            <line number="158" hits="0" branch="False" />
            <line number="162" hits="0" branch="False" />
            <line number="163" hits="0" branch="False" />
            <line number="167" hits="0" branch="False" />
            <line number="168" hits="0" branch="False" />
            <line number="172" hits="0" branch="False" />
            <line number="173" hits="0" branch="False" />
            <line number="177" hits="0" branch="False" />
            <line number="178" hits="0" branch="False" />
            <line number="182" hits="0" branch="False" />
            <line number="183" hits="0" branch="False" />
            <line number="187" hits="0" branch="False" />
            <line number="188" hits="0" branch="False" />
            <line number="192" hits="0" branch="False" />
            <line number="193" hits="0" branch="False" />
            <line number="197" hits="0" branch="False" />
            <line number="198" hits="0" branch="False" />
            <line number="202" hits="0" branch="False" />
            <line number="203" hits="0" branch="False" />
            <line number="207" hits="0" branch="False" />
            <line number="208" hits="0" branch="False" />
            <line number="212" hits="0" branch="True" condition-coverage="0% (0/2)">
              <conditions>
                <condition number="0" type="jump" coverage="0%" />
              </conditions>
            </line>
            <line number="213" hits="0" branch="False" />
            <line number="217" hits="0" branch="False" />
            <line number="218" hits="0" branch="False" />
            <line number="219" hits="0" branch="False" />
            <line number="223" hits="0" branch="False" />
            <line number="224" hits="0" branch="False" />
            <line number="225" hits="0" branch="False" />
            <line number="229" hits="0" branch="False" />
            <line number="230" hits="0" branch="False" />
            <line number="234" hits="0" branch="False" />
            <line number="235" hits="0" branch="False" />
            <line number="239" hits="0" branch="False" />
            <line number="240" hits="0" branch="False" />
            <line number="244" hits="0" branch="False" />
            <line number="245" hits="0" branch="False" />
            <line number="249" hits="0" branch="False" />
            <line number="250" hits="0" branch="False" />
            <line number="254" hits="0" branch="False" />
            <line number="255" hits="0" branch="False" />
            <line number="259" hits="0" branch="False" />
            <line number="260" hits="0" branch="False" />
            <line number="264" hits="0" branch="False" />
            <line number="265" hits="0" branch="False" />
            <line number="269" hits="0" branch="False" />
            <line number="270" hits="0" branch="False" />
            <line number="274" hits="0" branch="False" />
            <line number="275" hits="0" branch="False" />
            <line number="279" hits="0" branch="False" />
            <line number="280" hits="0" branch="False" />
            <line number="284" hits="1" branch="False" />
          </lines>
        </class>
        <class line-rate="0.625" branch-rate="1" complexity="11" name="DotNet.Testcontainers.Resource" filename="/_/src/Testcontainers/Resource.cs">
          <methods>
            <method line-rate="0" branch-rate="1" complexity="1" name="get_Disposed" signature="()">
              <lines>
                <line number="22" hits="0" branch="False" />
              </lines>
            </method>
            <method line-rate="0" branch-rate="1" complexity="1" name="DisposeAsyncCore" signature="()">
              <lines>
                <line number="56" hits="0" branch="False" />
                <line number="57" hits="0" branch="False" />
              </lines>
            </method>
            <method line-rate="1" branch-rate="1" complexity="4" name="ThrowIfResourceNotFound" signature="()">
              <lines>
                <line number="79" hits="1" branch="True" condition-coverage="100% (4/4)">
                  <conditions>
                    <condition number="0" type="jump" coverage="100%" />
                    <condition number="1" type="jump" coverage="100%" />
                  </conditions>
                </line>
                <line number="81" hits="1" branch="False" />
              </lines>
            </method>
            <method line-rate="1" branch-rate="1" complexity="4" name="ThrowIfLockNotAcquired" signature="()">
              <lines>
                <line number="90" hits="1" branch="True" condition-coverage="100% (4/4)">
                  <conditions>
                    <condition number="0" type="jump" coverage="100%" />
                    <condition number="1" type="jump" coverage="100%" />
                  </conditions>
                </line>
                <line number="92" hits="1" branch="False" />
              </lines>
            </method>
            <method line-rate="1" branch-rate="1" complexity="1" name=".ctor" signature="()">
              <lines>
                <line number="15" hits="1" branch="False" />
              </lines>
            </method>
          </methods>
          <lines>
            <line number="15" hits="1" branch="False" />
            <line number="22" hits="0" branch="False" />
            <line number="56" hits="0" branch="False" />
            <line number="57" hits="0" branch="False" />
            <line number="79" hits="1" branch="True" condition-coverage="100% (4/4)">
              <conditions>
                <condition number="0" type="jump" coverage="100%" />
                <condition number="1" type="jump" coverage="100%" />
              </conditions>
            </line>
            <line number="81" hits="1" branch="False" />
            <line number="90" hits="1" branch="True" condition-coverage="100% (4/4)">
              <conditions>
                <condition number="0" type="jump" coverage="100%" />
                <condition number="1" type="jump" coverage="100%" />
              </conditions>
            </line>
            <line number="92" hits="1" branch="False" />
          </lines>
        </class>
        <class line-rate="0" branch-rate="1" complexity="3" name="DotNet.Testcontainers.Volumes.DockerVolume" filename="/_/src/Testcontainers/Volumes/DockerVolume.cs">
          <methods>
            <method line-rate="0" branch-rate="1" complexity="1" name=".ctor" signature="(DotNet.Testcontainers.Configurations.IVolumeConfiguration)">
              <lines>
                <line number="21" hits="0" branch="False" />
                <line number="27" hits="0" branch="False" />
                <line number="29" hits="0" branch="False" />
                <line number="30" hits="0" branch="False" />
                <line number="31" hits="0" branch="False" />
              </lines>
            </method>
            <method line-rate="0" branch-rate="1" complexity="1" name="get_Name" signature="()">
              <lines>
                <line number="38" hits="0" branch="False" />
                <line number="39" hits="0" branch="False" />
              </lines>
            </method>
            <method line-rate="0" branch-rate="1" complexity="1" name="Exists" signature="()">
              <lines>
                <line number="84" hits="0" branch="False" />
              </lines>
            </method>
          </methods>
          <lines>
            <line number="21" hits="0" branch="False" />
            <line number="27" hits="0" branch="False" />
            <line number="29" hits="0" branch="False" />
            <line number="30" hits="0" branch="False" />
            <line number="31" hits="0" branch="False" />
            <line number="38" hits="0" branch="False" />
            <line number="39" hits="0" branch="False" />
            <line number="84" hits="0" branch="False" />
          </lines>
        </class>
        <class line-rate="0" branch-rate="1" complexity="3" name="DotNet.Testcontainers.Networks.DockerNetwork" filename="/_/src/Testcontainers/Networks/DockerNetwork.cs">
          <methods>
            <method line-rate="0" branch-rate="1" complexity="1" name=".ctor" signature="(DotNet.Testcontainers.Configurations.INetworkConfiguration)">
              <lines>
                <line number="21" hits="0" branch="False" />
                <line number="27" hits="0" branch="False" />
                <line number="29" hits="0" branch="False" />
                <line number="30" hits="0" branch="False" />
                <line number="31" hits="0" branch="False" />
              </lines>
            </method>
            <method line-rate="0" branch-rate="1" complexity="1" name="get_Name" signature="()">
              <lines>
                <line number="38" hits="0" branch="False" />
                <line number="39" hits="0" branch="False" />
              </lines>
            </method>
            <method line-rate="0" branch-rate="1" complexity="1" name="Exists" signature="()">
              <lines>
                <line number="84" hits="0" branch="False" />
              </lines>
            </method>
          </methods>
          <lines>
            <line number="21" hits="0" branch="False" />
            <line number="27" hits="0" branch="False" />
            <line number="29" hits="0" branch="False" />
            <line number="30" hits="0" branch="False" />
            <line number="31" hits="0" branch="False" />
            <line number="38" hits="0" branch="False" />
            <line number="39" hits="0" branch="False" />
            <line number="84" hits="0" branch="False" />
          </lines>
        </class>
        <class line-rate="0" branch-rate="0" complexity="36" name="DotNet.Testcontainers.Images.DockerfileArchive" filename="/_/src/Testcontainers/Images/DockerfileArchive.cs">
          <methods>
            <method line-rate="0" branch-rate="1" complexity="1" name=".ctor" signature="(string, string, DotNet.Testcontainers.Images.IImage, Microsoft.Extensions.Logging.ILogger)">
              <lines>
                <line number="40" hits="0" branch="False" />
                <line number="42" hits="0" branch="False" />
              </lines>
            </method>
            <method line-rate="0" branch-rate="0" complexity="4" name=".ctor" signature="(System.IO.DirectoryInfo, System.IO.FileInfo, DotNet.Testcontainers.Images.IImage, Microsoft.Extensions.Logging.ILogger)">
              <lines>
                <line number="52" hits="0" branch="False" />
                <line number="54" hits="0" branch="True" condition-coverage="0% (0/2)">
                  <conditions>
                    <condition number="0" type="jump" coverage="0%" />
                  </conditions>
                </line>
                <line number="56" hits="0" branch="False" />
                <line number="59" hits="0" branch="True" condition-coverage="0% (0/2)">
                  <conditions>
                    <condition number="0" type="jump" coverage="0%" />
                  </conditions>
                </line>
                <line number="61" hits="0" branch="False" />
                <line number="64" hits="0" branch="False" />
                <line number="65" hits="0" branch="False" />
                <line number="66" hits="0" branch="False" />
                <line number="67" hits="0" branch="False" />
                <line number="68" hits="0" branch="False" />
              </lines>
            </method>
            <method line-rate="0" branch-rate="0" complexity="28" name="GetBaseImages" signature="()">
              <lines>
                <line number="87" hits="0" branch="True" condition-coverage="0% (0/10)">
                  <conditions>
                    <condition number="0" type="jump" coverage="0%" />
                    <condition number="1" type="jump" coverage="0%" />
                    <condition number="2" type="jump" coverage="0%" />
                    <condition number="3" type="jump" coverage="0%" />
                    <condition number="4" type="jump" coverage="0%" />
                  </conditions>
                </line>
                <line number="93" hits="0" branch="False" />
                <line number="95" hits="0" branch="True" condition-coverage="0% (0/8)">
                  <conditions>
                    <condition number="0" type="jump" coverage="0%" />
                    <condition number="1" type="jump" coverage="0%" />
                    <condition number="2" type="jump" coverage="0%" />
                    <condition number="3" type="jump" coverage="0%" />
                  </conditions>
                </line>
                <line number="100" hits="0" branch="False" />
                <line number="101" hits="0" branch="False" />
                <line number="103" hits="0" branch="True" condition-coverage="0% (0/10)">
                  <conditions>
                    <condition number="0" type="jump" coverage="0%" />
                    <condition number="1" type="jump" coverage="0%" />
                    <condition number="2" type="jump" coverage="0%" />
                    <condition number="3" type="jump" coverage="0%" />
                    <condition number="4" type="jump" coverage="0%" />
                  </conditions>
                </line>
                <line number="106" hits="0" branch="False" />
                <line number="107" hits="0" branch="False" />
                <line number="111" hits="0" branch="False" />
                <line number="113" hits="0" branch="False" />
                <line number="115" hits="0" branch="False" />
              </lines>
            </method>
            <method line-rate="0" branch-rate="0" complexity="2" name="GetFiles" signature="(string)">
              <lines>
                <line number="187" hits="0" branch="True" condition-coverage="0% (0/2)">
                  <conditions>
                    <condition number="0" type="jump" coverage="0%" />
                  </conditions>
                </line>
                <line number="188" hits="0" branch="False" />
                <line number="189" hits="0" branch="False" />
                <line number="190" hits="0" branch="False" />
                <line number="191" hits="0" branch="False" />
              </lines>
            </method>
            <method line-rate="0" branch-rate="1" complexity="1" name=".cctor" signature="()">
              <lines>
                <line number="21" hits="0" branch="False" />
              </lines>
            </method>
          </methods>
          <lines>
            <line number="21" hits="0" branch="False" />
            <line number="40" hits="0" branch="False" />
            <line number="42" hits="0" branch="False" />
            <line number="52" hits="0" branch="False" />
            <line number="54" hits="0" branch="True" condition-coverage="0% (0/2)">
              <conditions>
                <condition number="0" type="jump" coverage="0%" />
              </conditions>
            </line>
            <line number="56" hits="0" branch="False" />
            <line number="59" hits="0" branch="True" condition-coverage="0% (0/2)">
              <conditions>
                <condition number="0" type="jump" coverage="0%" />
              </conditions>
            </line>
            <line number="61" hits="0" branch="False" />
            <line number="64" hits="0" branch="False" />
            <line number="65" hits="0" branch="False" />
            <line number="66" hits="0" branch="False" />
            <line number="67" hits="0" branch="False" />
            <line number="68" hits="0" branch="False" />
            <line number="87" hits="0" branch="True" condition-coverage="0% (0/10)">
              <conditions>
                <condition number="0" type="jump" coverage="0%" />
                <condition number="1" type="jump" coverage="0%" />
                <condition number="2" type="jump" coverage="0%" />
                <condition number="3" type="jump" coverage="0%" />
                <condition number="4" type="jump" coverage="0%" />
              </conditions>
            </line>
            <line number="93" hits="0" branch="False" />
            <line number="95" hits="0" branch="True" condition-coverage="0% (0/8)">
              <conditions>
                <condition number="0" type="jump" coverage="0%" />
                <condition number="1" type="jump" coverage="0%" />
                <condition number="2" type="jump" coverage="0%" />
                <condition number="3" type="jump" coverage="0%" />
              </conditions>
            </line>
            <line number="100" hits="0" branch="False" />
            <line number="101" hits="0" branch="False" />
            <line number="103" hits="0" branch="True" condition-coverage="0% (0/10)">
              <conditions>
                <condition number="0" type="jump" coverage="0%" />
                <condition number="1" type="jump" coverage="0%" />
                <condition number="2" type="jump" coverage="0%" />
                <condition number="3" type="jump" coverage="0%" />
                <condition number="4" type="jump" coverage="0%" />
              </conditions>
            </line>
            <line number="106" hits="0" branch="False" />
            <line number="107" hits="0" branch="False" />
            <line number="111" hits="0" branch="False" />
            <line number="113" hits="0" branch="False" />
            <line number="115" hits="0" branch="False" />
            <line number="187" hits="0" branch="True" condition-coverage="0% (0/2)">
              <conditions>
                <condition number="0" type="jump" coverage="0%" />
              </conditions>
            </line>
            <line number="188" hits="0" branch="False" />
            <line number="189" hits="0" branch="False" />
            <line number="190" hits="0" branch="False" />
            <line number="191" hits="0" branch="False" />
          </lines>
        </class>
        <class line-rate="0" branch-rate="0" complexity="6" name="DotNet.Testcontainers.Images.DockerIgnoreFile" filename="/_/src/Testcontainers/Images/DockerIgnoreFile.cs">
          <methods>
            <method line-rate="0" branch-rate="1" complexity="1" name=".ctor" signature="(string, string, string, Microsoft.Extensions.Logging.ILogger)">
              <lines>
                <line number="22" hits="0" branch="False" />
                <line number="24" hits="0" branch="False" />
              </lines>
            </method>
            <method line-rate="0" branch-rate="1" complexity="1" name=".ctor" signature="(System.IO.FileSystemInfo, string, string, Microsoft.Extensions.Logging.ILogger)">
              <lines>
                <line number="34" hits="0" branch="False" />
                <line number="36" hits="0" branch="False" />
              </lines>
            </method>
            <method line-rate="0" branch-rate="0" complexity="4" name="GetPatterns" signature="(System.IO.FileSystemInfo, string, string)">
              <lines>
                <line number="40" hits="0" branch="False" />
                <line number="44" hits="0" branch="True" condition-coverage="0% (0/2)">
                  <conditions>
                    <condition number="0" type="jump" coverage="0%" />
                  </conditions>
                </line>
                <line number="47" hits="0" branch="True" condition-coverage="0% (0/2)">
                  <conditions>
                    <condition number="0" type="jump" coverage="0%" />
                  </conditions>
                </line>
                <line number="48" hits="0" branch="False" />
                <line number="49" hits="0" branch="False" />
                <line number="51" hits="0" branch="False" />
                <line number="52" hits="0" branch="False" />
                <line number="53" hits="0" branch="False" />
              </lines>
            </method>
          </methods>
          <lines>
            <line number="22" hits="0" branch="False" />
            <line number="24" hits="0" branch="False" />
            <line number="34" hits="0" branch="False" />
            <line number="36" hits="0" branch="False" />
            <line number="40" hits="0" branch="False" />
            <line number="44" hits="0" branch="True" condition-coverage="0% (0/2)">
              <conditions>
                <condition number="0" type="jump" coverage="0%" />
              </conditions>
            </line>
            <line number="47" hits="0" branch="True" condition-coverage="0% (0/2)">
              <conditions>
                <condition number="0" type="jump" coverage="0%" />
              </conditions>
            </line>
            <line number="48" hits="0" branch="False" />
            <line number="49" hits="0" branch="False" />
            <line number="51" hits="0" branch="False" />
            <line number="52" hits="0" branch="False" />
            <line number="53" hits="0" branch="False" />
          </lines>
        </class>
        <class line-rate="0.73584905660377353" branch-rate="0.2857142857142857" complexity="24" name="DotNet.Testcontainers.Images.DockerImage" filename="/_/src/Testcontainers/Images/DockerImage.cs">
          <methods>
            <method line-rate="1" branch-rate="1" complexity="1" name=".ctor" signature="(DotNet.Testcontainers.Images.IImage)">
              <lines>
                <line number="34" hits="1" branch="False" />
                <line number="36" hits="1" branch="False" />
              </lines>
            </method>
            <method line-rate="1" branch-rate="1" complexity="1" name=".ctor" signature="(string)">
              <lines>
                <line number="45" hits="1" branch="False" />
                <line number="47" hits="1" branch="False" />
              </lines>
            </method>
            <method line-rate="1" branch-rate="1" complexity="1" name=".ctor" signature="(string, string, string, string)">
              <lines>
                <line number="58" hits="1" branch="False" />
                <line number="59" hits="1" branch="False" />
                <line number="60" hits="1" branch="False" />
                <line number="61" hits="1" branch="False" />
                <line number="62" hits="1" branch="False" />
                <line number="64" hits="1" branch="False" />
                <line number="65" hits="1" branch="False" />
                <line number="66" hits="1" branch="False" />
                <line number="68" hits="1" branch="False" />
                <line number="69" hits="1" branch="False" />
                <line number="70" hits="1" branch="False" />
                <line number="71" hits="1" branch="False" />
                <line number="73" hits="1" branch="False" />
                <line number="75" hits="1" branch="False" />
                <line number="76" hits="1" branch="False" />
                <line number="77" hits="1" branch="False" />
                <line number="79" hits="1" branch="False" />
                <line number="80" hits="1" branch="False" />
                <line number="83" hits="1" branch="False" />
                <line number="85" hits="1" branch="False" />
                <line number="87" hits="1" branch="False" />
                <line number="88" hits="1" branch="False" />
                <line number="94" hits="1" branch="False" />
                <line number="96" hits="1" branch="False" />
                <line number="97" hits="1" branch="False" />
              </lines>
            </method>
            <method line-rate="1" branch-rate="1" complexity="1" name="get_Repository" signature="()">
              <lines>
                <line number="100" hits="1" branch="False" />
              </lines>
            </method>
            <method line-rate="1" branch-rate="1" complexity="1" name="get_Name" signature="()">
              <lines>
                <line number="103" hits="1" branch="False" />
              </lines>
            </method>
            <method line-rate="1" branch-rate="1" complexity="1" name="get_Tag" signature="()">
              <lines>
                <line number="106" hits="1" branch="False" />
              </lines>
            </method>
            <method line-rate="1" branch-rate="1" complexity="1" name="get_FullName" signature="()">
              <lines>
                <line number="109" hits="1" branch="False" />
              </lines>
            </method>
            <method line-rate="0" branch-rate="1" complexity="1" name="GetHostname" signature="()">
              <lines>
                <line number="112" hits="0" branch="False" />
              </lines>
            </method>
            <method line-rate="0" branch-rate="0" complexity="2" name="MatchLatestOrNightly" signature="()">
              <lines>
                <line number="117" hits="0" branch="True" condition-coverage="0% (0/2)">
                  <conditions>
                    <condition number="0" type="jump" coverage="0%" />
                  </conditions>
                </line>
              </lines>
            </method>
            <method line-rate="0" branch-rate="1" complexity="1" name="MatchVersion" signature="(System.Predicate&lt;string&gt;)">
              <lines>
                <line number="123" hits="0" branch="False" />
              </lines>
            </method>
            <method line-rate="0" branch-rate="0" complexity="4" name="MatchVersion" signature="(System.Predicate&lt;System.Version&gt;)">
              <lines>
                <line number="129" hits="0" branch="False" />
                <line number="131" hits="0" branch="True" condition-coverage="0% (0/2)">
                  <conditions>
                    <condition number="0" type="jump" coverage="0%" />
                  </conditions>
                </line>
                <line number="133" hits="0" branch="False" />
                <line number="136" hits="0" branch="True" condition-coverage="0% (0/2)">
                  <conditions>
                    <condition number="0" type="jump" coverage="0%" />
                  </conditions>
                </line>
                <line number="138" hits="0" branch="False" />
                <line number="142" hits="0" branch="False" />
              </lines>
            </method>
            <method line-rate="1" branch-rate="1" complexity="2" name="TrimOrDefault" signature="(string, string)">
              <lines>
                <line number="147" hits="1" branch="True" condition-coverage="100% (2/2)">
                  <conditions>
                    <condition number="0" type="jump" coverage="100%" />
                  </conditions>
                </line>
              </lines>
            </method>
            <method line-rate="1" branch-rate="1" complexity="1" name=".cctor" signature="()">
              <lines>
                <line number="17" hits="1" branch="False" />
                <line number="19" hits="1" branch="False" />
                <line number="21" hits="1" branch="False" />
              </lines>
            </method>
            <method line-rate="1" branch-rate="1" complexity="2" name="&lt;.ctor&gt;b__10_0" signature="()">
              <lines>
                <line number="81" hits="1" branch="True" condition-coverage="100% (2/2)">
                  <conditions>
                    <condition number="0" type="jump" coverage="100%" />
                  </conditions>
                </line>
                <line number="84" hits="1" branch="False" />
              </lines>
            </method>
            <method line-rate="0" branch-rate="0" complexity="4" name="&lt;.ctor&gt;b__10_1" signature="()">
              <lines>
                <line number="89" hits="0" branch="True" condition-coverage="0% (0/2)">
                  <conditions>
                    <condition number="0" type="jump" coverage="0%" />
                  </conditions>
                </line>
                <line number="91" hits="0" branch="False" />
                <line number="92" hits="0" branch="False" />
                <line number="93" hits="0" branch="False" />
                <line number="95" hits="0" branch="True" condition-coverage="0% (0/2)">
                  <conditions>
                    <condition number="0" type="jump" coverage="0%" />
                  </conditions>
                </line>
              </lines>
            </method>
          </methods>
          <lines>
            <line number="17" hits="1" branch="False" />
            <line number="19" hits="1" branch="False" />
            <line number="21" hits="1" branch="False" />
            <line number="34" hits="1" branch="False" />
            <line number="36" hits="1" branch="False" />
            <line number="45" hits="1" branch="False" />
            <line number="47" hits="1" branch="False" />
            <line number="58" hits="1" branch="False" />
            <line number="59" hits="1" branch="False" />
            <line number="60" hits="1" branch="False" />
            <line number="61" hits="1" branch="False" />
            <line number="62" hits="1" branch="False" />
            <line number="64" hits="1" branch="False" />
            <line number="65" hits="1" branch="False" />
            <line number="66" hits="1" branch="False" />
            <line number="68" hits="1" branch="False" />
            <line number="69" hits="1" branch="False" />
            <line number="70" hits="1" branch="False" />
            <line number="71" hits="1" branch="False" />
            <line number="73" hits="1" branch="False" />
            <line number="75" hits="1" branch="False" />
            <line number="76" hits="1" branch="False" />
            <line number="77" hits="1" branch="False" />
            <line number="79" hits="1" branch="False" />
            <line number="80" hits="1" branch="False" />
            <line number="81" hits="1" branch="True" condition-coverage="100% (2/2)">
              <conditions>
                <condition number="0" type="jump" coverage="100%" />
              </conditions>
            </line>
            <line number="83" hits="1" branch="False" />
            <line number="84" hits="1" branch="False" />
            <line number="85" hits="1" branch="False" />
            <line number="87" hits="1" branch="False" />
            <line number="88" hits="1" branch="False" />
            <line number="89" hits="0" branch="True" condition-coverage="0% (0/2)">
              <conditions>
                <condition number="0" type="jump" coverage="0%" />
              </conditions>
            </line>
            <line number="91" hits="0" branch="False" />
            <line number="92" hits="0" branch="False" />
            <line number="93" hits="0" branch="False" />
            <line number="94" hits="1" branch="False" />
            <line number="95" hits="0" branch="True" condition-coverage="0% (0/2)">
              <conditions>
                <condition number="0" type="jump" coverage="0%" />
              </conditions>
            </line>
            <line number="96" hits="1" branch="False" />
            <line number="97" hits="1" branch="False" />
            <line number="100" hits="1" branch="False" />
            <line number="103" hits="1" branch="False" />
            <line number="106" hits="1" branch="False" />
            <line number="109" hits="1" branch="False" />
            <line number="112" hits="0" branch="False" />
            <line number="117" hits="0" branch="True" condition-coverage="0% (0/2)">
              <conditions>
                <condition number="0" type="jump" coverage="0%" />
              </conditions>
            </line>
            <line number="123" hits="0" branch="False" />
            <line number="129" hits="0" branch="False" />
            <line number="131" hits="0" branch="True" condition-coverage="0% (0/2)">
              <conditions>
                <condition number="0" type="jump" coverage="0%" />
              </conditions>
            </line>
[...]
                <line number="102" hits="1" branch="False" />
                <line number="103" hits="1" branch="False" />
                <line number="104" hits="1" branch="False" />
                <line number="106" hits="1" branch="False" />
              </lines>
            </method>
            <method line-rate="1" branch-rate="1" complexity="2" name="GetUsersInRoom" signature="(string)">
              <lines>
                <line number="110" hits="1" branch="False" />
                <line number="111" hits="1" branch="False" />
                <line number="112" hits="1" branch="True" condition-coverage="100% (2/2)">
                  <conditions>
                    <condition number="0" type="jump" coverage="100%" />
                  </conditions>
                </line>
                <line number="113" hits="1" branch="False" />
                <line number="115" hits="1" branch="False" />
                <line number="116" hits="1" branch="False" />
                <line number="117" hits="1" branch="False" />
                <line number="118" hits="1" branch="False" />
                <line number="120" hits="1" branch="False" />
              </lines>
            </method>
            <method line-rate="1" branch-rate="1" complexity="2" name="GetUserRoom" signature="(string)">
              <lines>
                <line number="124" hits="1" branch="False" />
                <line number="125" hits="1" branch="False" />
                <line number="126" hits="1" branch="True" condition-coverage="100% (2/2)">
                  <conditions>
                    <condition number="0" type="jump" coverage="100%" />
                  </conditions>
                </line>
                <line number="127" hits="1" branch="False" />
                <line number="129" hits="1" branch="False" />
                <line number="130" hits="1" branch="False" />
                <line number="131" hits="1" branch="False" />
                <line number="133" hits="1" branch="False" />
              </lines>
            </method>
            <method line-rate="1" branch-rate="1" complexity="6" name="GetUsersInRoomWithUser" signature="(string)">
              <lines>
                <line number="137" hits="1" branch="False" />
                <line number="138" hits="1" branch="False" />
                <line number="139" hits="1" branch="True" condition-coverage="100% (2/2)">
                  <conditions>
                    <condition number="0" type="jump" coverage="100%" />
                  </conditions>
                </line>
                <line number="140" hits="1" branch="False" />
                <line number="142" hits="1" branch="False" />
                <line number="143" hits="1" branch="False" />
                <line number="144" hits="1" branch="True" condition-coverage="100% (2/2)">
                  <conditions>
                    <condition number="0" type="jump" coverage="100%" />
                  </conditions>
                </line>
                <line number="145" hits="1" branch="False" />
                <line number="146" hits="1" branch="True" condition-coverage="100% (2/2)">
                  <conditions>
                    <condition number="0" type="jump" coverage="100%" />
                  </conditions>
                </line>
                <line number="147" hits="1" branch="False" />
                <line number="149" hits="1" branch="False" />
                <line number="150" hits="1" branch="False" />
                <line number="151" hits="1" branch="False" />
                <line number="153" hits="1" branch="False" />
              </lines>
            </method>
            <method line-rate="1" branch-rate="1" complexity="1" name="CreateSessionId" signature="(string)">
              <lines>
                <line number="156" hits="1" branch="False" />
                <line number="157" hits="1" branch="False" />
                <line number="158" hits="1" branch="False" />
                <line number="160" hits="1" branch="False" />
                <line number="161" hits="1" branch="False" />
                <line number="162" hits="1" branch="False" />
              </lines>
            </method>
            <method line-rate="1" branch-rate="1" complexity="2" name="RandomString" signature="(int)">
              <lines>
                <line number="165" hits="1" branch="False" />
                <line number="166" hits="1" branch="False" />
                <line number="168" hits="1" branch="True" condition-coverage="100% (2/2)">
                  <conditions>
                    <condition number="0" type="jump" coverage="100%" />
                  </conditions>
                </line>
                <line number="169" hits="1" branch="False" />
                <line number="170" hits="1" branch="False" />
                <line number="171" hits="1" branch="False" />
                <line number="172" hits="1" branch="False" />
                <line number="173" hits="1" branch="False" />
              </lines>
            </method>
          </methods>
          <lines>
            <line number="23" hits="1" branch="False" />
            <line number="24" hits="1" branch="False" />
            <line number="25" hits="1" branch="False" />
            <line number="26" hits="1" branch="True" condition-coverage="100% (2/2)">
              <conditions>
                <condition number="0" type="jump" coverage="100%" />
              </conditions>
            </line>
            <line number="27" hits="1" branch="False" />
            <line number="28" hits="1" branch="False" />
            <line number="30" hits="1" branch="False" />
            <line number="31" hits="1" branch="False" />
            <line number="32" hits="1" branch="False" />
            <line number="36" hits="1" branch="False" />
            <line number="37" hits="1" branch="False" />
            <line number="38" hits="1" branch="False" />
            <line number="40" hits="1" branch="False" />
            <line number="42" hits="1" branch="True" condition-coverage="100% (2/2)">
              <conditions>
                <condition number="0" type="jump" coverage="100%" />
              </conditions>
            </line>
            <line number="43" hits="1" branch="False" />
            <line number="45" hits="1" branch="False" />
            <line number="46" hits="1" branch="False" />
            <line number="47" hits="1" branch="False" />
            <line number="48" hits="1" branch="False" />
            <line number="50" hits="1" branch="False" />
            <line number="54" hits="1" branch="False" />
            <line number="55" hits="1" branch="False" />
            <line number="57" hits="1" branch="True" condition-coverage="100% (2/2)">
              <conditions>
                <condition number="0" type="jump" coverage="100%" />
              </conditions>
            </line>
            <line number="58" hits="1" branch="False" />
            <line number="60" hits="1" branch="False" />
            <line number="61" hits="1" branch="True" condition-coverage="50% (1/2)">
              <conditions>
                <condition number="0" type="jump" coverage="50%" />
              </conditions>
            </line>
            <line number="62" hits="0" branch="False" />
            <line number="63" hits="1" branch="False" />
            <line number="65" hits="1" branch="False" />
            <line number="69" hits="1" branch="False" />
            <line number="70" hits="1" branch="True" condition-coverage="100% (2/2)">
              <conditions>
                <condition number="0" type="jump" coverage="100%" />
              </conditions>
            </line>
            <line number="71" hits="1" branch="True" condition-coverage="100% (2/2)">
              <conditions>
                <condition number="0" type="jump" coverage="100%" />
              </conditions>
            </line>
            <line number="72" hits="1" branch="False" />
            <line number="74" hits="1" branch="True" condition-coverage="100% (2/2)">
              <conditions>
                <condition number="0" type="jump" coverage="100%" />
              </conditions>
            </line>
            <line number="75" hits="1" branch="True" condition-coverage="100% (2/2)">
              <conditions>
                <condition number="0" type="jump" coverage="100%" />
              </conditions>
            </line>
            <line number="76" hits="1" branch="False" />
            <line number="78" hits="1" branch="False" />
            <line number="79" hits="1" branch="True" condition-coverage="100% (2/2)">
              <conditions>
                <condition number="0" type="jump" coverage="100%" />
              </conditions>
            </line>
            <line number="80" hits="1" branch="False" />
            <line number="82" hits="1" branch="False" />
            <line number="83" hits="1" branch="False" />
            <line number="87" hits="1" branch="False" />
            <line number="88" hits="1" branch="False" />
            <line number="89" hits="1" branch="True" condition-coverage="100% (2/2)">
              <conditions>
                <condition number="0" type="jump" coverage="100%" />
              </conditions>
            </line>
            <line number="90" hits="1" branch="False" />
            <line number="92" hits="1" branch="False" />
            <line number="93" hits="1" branch="False" />
            <line number="97" hits="1" branch="False" />
            <line number="98" hits="1" branch="False" />
            <line number="99" hits="1" branch="True" condition-coverage="100% (2/2)">
              <conditions>
                <condition number="0" type="jump" coverage="100%" />
              </conditions>
            </line>
            <line number="100" hits="1" branch="False" />
            <line number="102" hits="1" branch="False" />
            <line number="103" hits="1" branch="False" />
            <line number="104" hits="1" branch="False" />
            <line number="106" hits="1" branch="False" />
            <line number="110" hits="1" branch="False" />
            <line number="111" hits="1" branch="False" />
            <line number="112" hits="1" branch="True" condition-coverage="100% (2/2)">
              <conditions>
                <condition number="0" type="jump" coverage="100%" />
              </conditions>
            </line>
            <line number="113" hits="1" branch="False" />
            <line number="115" hits="1" branch="False" />
            <line number="116" hits="1" branch="False" />
            <line number="117" hits="1" branch="False" />
            <line number="118" hits="1" branch="False" />
            <line number="120" hits="1" branch="False" />
            <line number="124" hits="1" branch="False" />
            <line number="125" hits="1" branch="False" />
            <line number="126" hits="1" branch="True" condition-coverage="100% (2/2)">
              <conditions>
                <condition number="0" type="jump" coverage="100%" />
              </conditions>
            </line>
            <line number="127" hits="1" branch="False" />
            <line number="129" hits="1" branch="False" />
            <line number="130" hits="1" branch="False" />
            <line number="131" hits="1" branch="False" />
            <line number="133" hits="1" branch="False" />
            <line number="137" hits="1" branch="False" />
            <line number="138" hits="1" branch="False" />
            <line number="139" hits="1" branch="True" condition-coverage="100% (2/2)">
              <conditions>
                <condition number="0" type="jump" coverage="100%" />
              </conditions>
            </line>
            <line number="140" hits="1" branch="False" />
            <line number="142" hits="1" branch="False" />
            <line number="143" hits="1" branch="False" />
            <line number="144" hits="1" branch="True" condition-coverage="100% (2/2)">
              <conditions>
                <condition number="0" type="jump" coverage="100%" />
              </conditions>
            </line>
            <line number="145" hits="1" branch="False" />
            <line number="146" hits="1" branch="True" condition-coverage="100% (2/2)">
              <conditions>
                <condition number="0" type="jump" coverage="100%" />
              </conditions>
            </line>
            <line number="147" hits="1" branch="False" />
            <line number="149" hits="1" branch="False" />
            <line number="150" hits="1" branch="False" />
            <line number="151" hits="1" branch="False" />
            <line number="153" hits="1" branch="False" />
            <line number="156" hits="1" branch="False" />
            <line number="157" hits="1" branch="False" />
            <line number="158" hits="1" branch="False" />
            <line number="160" hits="1" branch="False" />
            <line number="161" hits="1" branch="False" />
            <line number="162" hits="1" branch="False" />
            <line number="165" hits="1" branch="False" />
            <line number="166" hits="1" branch="False" />
            <line number="168" hits="1" branch="True" condition-coverage="100% (2/2)">
              <conditions>
                <condition number="0" type="jump" coverage="100%" />
              </conditions>
            </line>
            <line number="169" hits="1" branch="False" />
            <line number="170" hits="1" branch="False" />
            <line number="171" hits="1" branch="False" />
            <line number="172" hits="1" branch="False" />
            <line number="173" hits="1" branch="False" />
          </lines>
        </class>
        <class line-rate="0" branch-rate="1" complexity="2" name="SessionService.Program.&lt;&gt;c" filename="C:\Users\Casper\OneDrive\Dania\Systemintegration\EksamensProjekt\SessionService\SessionService\SessionService\Program.cs">
          <methods>
            <method line-rate="0" branch-rate="1" complexity="1" name="&lt;Main&gt;b__0_1" signature="(Swashbuckle.AspNetCore.SwaggerGen.SwaggerGenOptions)">
              <lines>
                <line number="39" hits="0" branch="False" />
                <line number="40" hits="0" branch="False" />
                <line number="41" hits="0" branch="False" />
                <line number="42" hits="0" branch="False" />
                <line number="43" hits="0" branch="False" />
                <line number="44" hits="0" branch="False" />
                <line number="45" hits="0" branch="False" />
                <line number="46" hits="0" branch="False" />
                <line number="47" hits="0" branch="False" />
                <line number="48" hits="0" branch="False" />
                <line number="50" hits="0" branch="False" />
                <line number="51" hits="0" branch="False" />
                <line number="52" hits="0" branch="False" />
                <line number="53" hits="0" branch="False" />
                <line number="54" hits="0" branch="False" />
                <line number="55" hits="0" branch="False" />
                <line number="56" hits="0" branch="False" />
                <line number="57" hits="0" branch="False" />
                <line number="58" hits="0" branch="False" />
                <line number="59" hits="0" branch="False" />
                <line number="60" hits="0" branch="False" />
                <line number="61" hits="0" branch="False" />
                <line number="62" hits="0" branch="False" />
                <line number="63" hits="0" branch="False" />
                <line number="64" hits="0" branch="False" />
              </lines>
            </method>
            <method line-rate="0" branch-rate="1" complexity="1" name="&lt;Main&gt;b__0_2" signature="(Microsoft.AspNetCore.Authentication.JwtBearer.JwtBearerOptions)">
              <lines>
                <line number="68" hits="0" branch="False" />
                <line number="69" hits="0" branch="False" />
                <line number="70" hits="0" branch="False" />
                <line number="71" hits="0" branch="False" />
                <line number="72" hits="0" branch="False" />
                <line number="73" hits="0" branch="False" />
                <line number="74" hits="0" branch="False" />
                <line number="75" hits="0" branch="False" />
              </lines>
            </method>
          </methods>
          <lines>
            <line number="39" hits="0" branch="False" />
            <line number="40" hits="0" branch="False" />
            <line number="41" hits="0" branch="False" />
            <line number="42" hits="0" branch="False" />
            <line number="43" hits="0" branch="False" />
            <line number="44" hits="0" branch="False" />
            <line number="45" hits="0" branch="False" />
            <line number="46" hits="0" branch="False" />
            <line number="47" hits="0" branch="False" />
            <line number="48" hits="0" branch="False" />
            <line number="50" hits="0" branch="False" />
            <line number="51" hits="0" branch="False" />
            <line number="52" hits="0" branch="False" />
            <line number="53" hits="0" branch="False" />
            <line number="54" hits="0" branch="False" />
            <line number="55" hits="0" branch="False" />
            <line number="56" hits="0" branch="False" />
            <line number="57" hits="0" branch="False" />
            <line number="58" hits="0" branch="False" />
            <line number="59" hits="0" branch="False" />
            <line number="60" hits="0" branch="False" />
            <line number="61" hits="0" branch="False" />
            <line number="62" hits="0" branch="False" />
            <line number="63" hits="0" branch="False" />
            <line number="64" hits="0" branch="False" />
            <line number="68" hits="0" branch="False" />
            <line number="69" hits="0" branch="False" />
            <line number="70" hits="0" branch="False" />
            <line number="71" hits="0" branch="False" />
            <line number="72" hits="0" branch="False" />
            <line number="73" hits="0" branch="False" />
            <line number="74" hits="0" branch="False" />
            <line number="75" hits="0" branch="False" />
          </lines>
        </class>
        <class line-rate="0" branch-rate="1" complexity="1" name="SessionService.Program.&lt;&gt;c__DisplayClass0_0" filename="C:\Users\Casper\OneDrive\Dania\Systemintegration\EksamensProjekt\SessionService\SessionService\SessionService\Program.cs">
          <methods>
            <method line-rate="0" branch-rate="1" complexity="1" name="&lt;Main&gt;b__0" signature="(System.IServiceProvider)">
              <lines>
                <line number="34" hits="0" branch="False" />
              </lines>
            </method>
          </methods>
          <lines>
            <line number="34" hits="0" branch="False" />
          </lines>
        </class>
        <class line-rate="1" branch-rate="1" complexity="1" name="SessionService.Controllers.SessionController.&lt;&gt;c__DisplayClass12_0" filename="C:\Users\Casper\OneDrive\Dania\Systemintegration\EksamensProjekt\SessionService\SessionService\SessionService\Controllers\SessionController.cs">
          <methods>
            <method line-rate="1" branch-rate="1" complexity="1" name="&lt;GetUsersInRoom&gt;b__0" signature="(SessionService.Models.Session)">
              <lines>
                <line number="117" hits="1" branch="False" />
              </lines>
            </method>
          </methods>
          <lines>
            <line number="117" hits="1" branch="False" />
          </lines>
        </class>
      </classes>
    </package>
  </packages>
</coverage>